<?xml version="1.0" encoding="UTF-8"?>
<!-- Generated by org.testng.reporters.JUnitReportReporter -->
<testsuite hostname="SYS-PC" name="com.izt.snow.automation.incidentmanagement.Incident" tests="2" failures="0" timestamp="6 Mar 2017 04:03:04 GMT" time="197.184" errors="0">
  <testcase name="inProgress" time="116.384" classname="com.izt.snow.automation.incidentmanagement.Incident"/>
  <testcase name="createNewIncident" time="80.800" classname="com.izt.snow.automation.incidentmanagement.Incident"/>
</testsuite> <!-- com.izt.snow.automation.incidentmanagement.Incident -->
